Sliding_Up_library/build/intermediates/manifest_merge_blame_file/debug/manifest-merger-blame-debug-report.txt
1<?xml version="1.0" encoding="utf-8"?>
2<manifest xmlns:android="http://schemas.android.com/apk/res/android"
3    package="com.sothree.slidinguppanel.library"
4    android:versionCode="17"
5    android:versionName="3.4.0" >
6
7    <uses-sdk android:minSdkVersion="1" />
7-->src/main/AndroidManifest.xml:7:5-8:38
7-->src/main/AndroidManifest.xml:8:9-35
8
9    <application />
9-->src/main/AndroidManifest.xml:10:5-20
10
11</manifest>